  PayrollUI.c
c:\users\blue7\downloads\payroll---c-vs2015-master\payroll\payrollui.c(18): warning C4067: unexpected tokens following preprocessor directive - expected a newline
  Payroll.c
c:\users\blue7\downloads\payroll---c-vs2015-master\payroll\payroll.c(60): warning C4067: unexpected tokens following preprocessor directive - expected a newline
c:\users\blue7\downloads\payroll---c-vs2015-master\payroll\payroll.c(102): warning C4013: 'getch' undefined; assuming extern returning int
c:\users\blue7\downloads\payroll---c-vs2015-master\payroll\payroll.c(160): warning C4013: 'gets' undefined; assuming extern returning int
c:\users\blue7\downloads\payroll---c-vs2015-master\payroll\payroll.c(160): warning C4047: 'function': 'const char *' differs in levels of indirection from 'int'
c:\users\blue7\downloads\payroll---c-vs2015-master\payroll\payroll.c(160): warning C4024: 'atoi': different types for formal and actual parameter 1
c:\users\blue7\downloads\payroll---c-vs2015-master\payroll\payroll.c(166): warning C4047: 'function': 'const char *' differs in levels of indirection from 'int'
c:\users\blue7\downloads\payroll---c-vs2015-master\payroll\payroll.c(166): warning C4024: 'atoi': different types for formal and actual parameter 1
c:\users\blue7\downloads\payroll---c-vs2015-master\payroll\payroll.c(177): warning C4305: '=': truncation from 'double' to 'float'
c:\users\blue7\downloads\payroll---c-vs2015-master\payroll\payroll.c(180): warning C4305: '=': truncation from 'double' to 'float'
c:\users\blue7\downloads\payroll---c-vs2015-master\payroll\payroll.c(183): warning C4305: '=': truncation from 'double' to 'float'
c:\users\blue7\downloads\payroll---c-vs2015-master\payroll\payroll.c(209): warning C4013: 'savePayroll' undefined; assuming extern returning int
c:\users\blue7\downloads\payroll---c-vs2015-master\payroll\payroll.c(222): warning C4244: 'initializing': conversion from 'double' to 'float', possible loss of data
  IO.c
c:\users\blue7\downloads\payroll---c-vs2015-master\payroll\io.c(28): warning C4013: 'printText' undefined; assuming extern returning int
c:\users\blue7\downloads\payroll---c-vs2015-master\payroll\io.c(41): warning C4047: 'function': 'size_t' differs in levels of indirection from 'char *'
c:\users\blue7\downloads\payroll---c-vs2015-master\payroll\io.c(41): warning C4024: 'malloc': different types for formal and actual parameter 1
  Employee.c
c:\users\blue7\downloads\payroll---c-vs2015-master\payroll\employee.c(33): warning C4013: 'gets' undefined; assuming extern returning int
c:\users\blue7\downloads\payroll---c-vs2015-master\payroll\employee.c(42): warning C4013: 'getch' undefined; assuming extern returning int
c:\users\blue7\downloads\payroll---c-vs2015-master\payroll\employee.c(69): warning C4013: 'saveEmployees' undefined; assuming extern returning int
c:\users\blue7\downloads\payroll---c-vs2015-master\payroll\employee.c(200): warning C4098: 'changeDept': 'void' function returning a value
c:\users\blue7\downloads\payroll---c-vs2015-master\payroll\employee.c(279): warning C4098: 'changeRate': 'void' function returning a value
  Generating Code...
  Payroll.vcxproj -> C:\Users\blue7\Downloads\Payroll---C-VS2015-master\Debug\Payroll.exe
